<?xml version="1.0" encoding="UTF-8"?>
<testng-results ignored="0" total="1" passed="1" failed="0" skipped="0">
  <reporter-output>
  </reporter-output>
  <suite started-at="2025-05-09T22:51:57 IST" name="Default suite" finished-at="2025-05-09T22:52:10 IST" duration-ms="13122">
    <groups>
    </groups>
    <test started-at="2025-05-09T22:51:57 IST" name="Default test" finished-at="2025-05-09T22:52:10 IST" duration-ms="13122">
      <class name="test.scripts.AutomationExercise">
        <test-method is-config="true" signature="SetUp()[pri:0, instance:test.scripts.AutomationExercise@2a7ed1f]" started-at="2025-05-09T22:51:57 IST" name="SetUp" finished-at="2025-05-09T22:52:04 IST" duration-ms="7068" status="PASS">
          <reporter-output>
          </reporter-output>
        </test-method> <!-- SetUp -->
        <test-method signature="testAddtoCart()[pri:0, instance:test.scripts.AutomationExercise@2a7ed1f]" started-at="2025-05-09T22:52:04 IST" name="testAddtoCart" finished-at="2025-05-09T22:52:10 IST" duration-ms="5686" status="PASS">
          <reporter-output>
          </reporter-output>
        </test-method> <!-- testAddtoCart -->
        <test-method is-config="true" signature="afterMethod()[pri:0, instance:test.scripts.AutomationExercise@2a7ed1f]" started-at="2025-05-09T22:52:10 IST" name="afterMethod" finished-at="2025-05-09T22:52:10 IST" duration-ms="339" status="PASS">
          <reporter-output>
          </reporter-output>
        </test-method> <!-- afterMethod -->
      </class> <!-- test.scripts.AutomationExercise -->
    </test> <!-- Default test -->
  </suite> <!-- Default suite -->
</testng-results>
