<?xml version="1.0" encoding="UTF-8"?>
<testng-results ignored="0" total="1" passed="1" failed="0" skipped="0">
  <reporter-output>
  </reporter-output>
  <suite started-at="2025-03-16T15:58:57 IST" name="Default suite" finished-at="2025-03-16T15:59:27 IST" duration-ms="29680">
    <groups>
    </groups>
    <test started-at="2025-03-16T15:58:57 IST" name="Default test" finished-at="2025-03-16T15:59:27 IST" duration-ms="29680">
      <class name="test.scripts.GmailRegistrationTest">
        <test-method is-config="true" signature="SetUp()[pri:0, instance:test.scripts.GmailRegistrationTest@2b62442c]" started-at="2025-03-16T15:58:57 IST" name="SetUp" finished-at="2025-03-16T15:58:58 IST" duration-ms="1256" status="PASS">
          <reporter-output>
          </reporter-output>
        </test-method> <!-- SetUp -->
        <test-method signature="TestGmailRegistration()[pri:0, instance:test.scripts.GmailRegistrationTest@2b62442c]" started-at="2025-03-16T15:58:58 IST" name="TestGmailRegistration" finished-at="2025-03-16T15:59:27 IST" duration-ms="28390" status="PASS">
          <reporter-output>
          </reporter-output>
        </test-method> <!-- TestGmailRegistration -->
        <test-method is-config="true" signature="afterMethod()[pri:0, instance:test.scripts.GmailRegistrationTest@2b62442c]" started-at="2025-03-16T15:59:27 IST" name="afterMethod" finished-at="2025-03-16T15:59:27 IST" duration-ms="352" status="PASS">
          <reporter-output>
          </reporter-output>
        </test-method> <!-- afterMethod -->
      </class> <!-- test.scripts.GmailRegistrationTest -->
    </test> <!-- Default test -->
  </suite> <!-- Default suite -->
</testng-results>
